0 info it worked if it ends with ok
1 verbose cli [ '/usr/local/Cellar/node/0.10.22/bin/node',
1 verbose cli   '/usr/local/bin/npm',
1 verbose cli   'install',
1 verbose cli   'https' ]
2 info using npm@1.3.14
3 info using node@v0.10.22
4 warn package.json http@0.0.0 http is also the name of a node core module.
5 warn package.json http@0.0.0 No description
6 warn package.json http@0.0.0 No repository field.
7 verbose cache add [ 'https', null ]
8 verbose cache add name=undefined spec="https" args=["https",null]
9 verbose parsed url { protocol: null,
9 verbose parsed url   slashes: null,
9 verbose parsed url   auth: null,
9 verbose parsed url   host: null,
9 verbose parsed url   port: null,
9 verbose parsed url   hostname: null,
9 verbose parsed url   hash: null,
9 verbose parsed url   search: null,
9 verbose parsed url   query: null,
9 verbose parsed url   pathname: 'https',
9 verbose parsed url   path: 'https',
9 verbose parsed url   href: 'https' }
10 silly lockFile c3437dbc-https https
11 verbose lock https /Users/sararobinson/.npm/c3437dbc-https.lock
12 silly lockFile c3437dbc-https https
13 silly lockFile c3437dbc-https https
14 verbose addNamed [ 'https', '' ]
15 verbose addNamed [ null, '*' ]
16 silly lockFile 421d451a-https https@
17 verbose lock https@ /Users/sararobinson/.npm/421d451a-https.lock
18 silly addNameRange { name: 'https', range: '*', hasData: false }
19 verbose url raw https
20 verbose url resolving [ 'https://registry.npmjs.org/', './https' ]
21 verbose url resolved https://registry.npmjs.org/https
22 info trying registry request attempt 1 at 09:33:38
23 http GET https://registry.npmjs.org/https
24 http 404 https://registry.npmjs.org/https
25 silly registry.get cb [ 404,
25 silly registry.get   { date: 'Wed, 06 Aug 2014 16:33:39 GMT',
25 silly registry.get     server: 'CouchDB/1.5.0 (Erlang OTP/R14B04)',
25 silly registry.get     'content-type': 'application/json',
25 silly registry.get     'cache-control': 'max-age=0',
25 silly registry.get     'content-length': '52',
25 silly registry.get     'accept-ranges': 'bytes',
25 silly registry.get     via: '1.1 varnish',
25 silly registry.get     age: '0',
25 silly registry.get     'x-served-by': 'cache-sjc3130-SJC',
25 silly registry.get     'x-cache': 'MISS',
25 silly registry.get     'x-cache-hits': '0',
25 silly registry.get     'x-timer': 'S1407342818.706179,VS0,VE357',
25 silly registry.get     'keep-alive': 'timeout=10, max=50',
25 silly registry.get     connection: 'Keep-Alive' } ]
26 silly lockFile 421d451a-https https@
27 silly lockFile 421d451a-https https@
28 error 404 'https' is not in the npm registry.
28 error 404 You should bug the author to publish it
28 error 404
28 error 404 Note that you can also install from a
28 error 404 tarball, folder, or http url, or git url.
29 error System Darwin 13.3.0
30 error command "/usr/local/Cellar/node/0.10.22/bin/node" "/usr/local/bin/npm" "install" "https"
31 error cwd /Users/sararobinson/Dev/so-tracker
32 error node -v v0.10.22
33 error npm -v 1.3.14
34 error code E404
35 verbose exit [ 1, true ]
